#
# A fatal error has been detected by the Java Runtime Environment:
#
#  EXCEPTION_ACCESS_VIOLATION (0xc0000005) at pc=0x00007fffc617d65a, pid=1284, tid=23348
#
# JRE version: Java(TM) SE Runtime Environment (17.0.2+8) (build 17.0.2+8-LTS-86)
# Java VM: Java HotSpot(TM) 64-Bit Server VM (17.0.2+8-LTS-86, mixed mode, sharing, tiered, compressed oops, compressed class ptrs, g1 gc, windows-amd64)
# Problematic frame:
# V  [jvm.dll+0x73d65a]
#
# No core dump will be written. Minidumps are not enabled by default on client versions of Windows
#
# If you would like to submit a bug report, please visit:
#   https://bugreport.java.com/bugreport/crash.jsp
#

---------------  S U M M A R Y ------------

Command Line: -XX:+ShowCodeDetailsInExceptionMessages -agentlib:jdwp=transport=dt_socket,suspend=y,address=localhost:53364 -javaagent:C:\Users\burak.yilmaz\eclipse\java-2021-06\eclipse\configuration\org.eclipse.osgi\590\0\.cp\lib\javaagent-shaded.jar -Dfile.encoding=UTF-8 com.getir.reading.ReadingApplication

Host: 11th Gen Intel(R) Core(TM) i7-11800H @ 2.30GHz, 16 cores, 15G,  Windows 10 , 64 bit Build 19041 (10.0.19041.2546)
Time: Sun Apr  9 19:23:48 2023 Turkey Standard Time elapsed time: 231.789309 seconds (0d 0h 3m 51s)

---------------  T H R E A D  ---------------

Current thread (0x0000018f7f556930):  JavaThread "JDWP Transport Listener: dt_socket" daemon [_thread_in_vm, id=23348, stack(0x00000070d1b00000,0x00000070d1c00000)]

Stack: [0x00000070d1b00000,0x00000070d1c00000],  sp=0x00000070d1bff340,  free space=1020k
Native frames: (J=compiled Java code, j=interpreted, Vv=VM code, C=native code)
V  [jvm.dll+0x73d65a]
V  [jvm.dll+0x504e0c]
V  [jvm.dll+0x4d0634]
C  [jdwp.dll+0x22e9f]


siginfo: EXCEPTION_ACCESS_VIOLATION (0xc0000005), reading address 0x00000000003b000d


Register to memory mapping:

RIP=0x00007fffc617d65a jvm.dll
RAX=0x000000000000003c is an unknown value
RBX=0x0000018f7f4e06f8 points into unknown readable memory: 0x0000000000000000 | 00 00 00 00 00 00 00 00
RCX=0x00000000003b0009 is an unknown value
RDX=0x0000018f14ab6ef0 points into unknown readable memory: 0x7465672f6d6f634c | 4c 63 6f 6d 2f 67 65 74
RSP=0x00000070d1bff340 is pointing into the stack for thread: 0x0000018f7f556930
RBP=0x0000018f7f545880 points into unknown readable memory: 0x0000000000000002 | 02 00 00 00 00 00 00 00
RSI=0x0 is NULL
RDI=0xffffffffffffffff is an unknown value
R8 =0x000000000000003c is an unknown value
R9 =0x000000000000003e is an unknown value
R10=0x0 is NULL
R11=0x00000070d1bff360 is pointing into the stack for thread: 0x0000018f7f556930
R12=0x00000070d1bff498 is pointing into the stack for thread: 0x0000018f7f556930
R13=0x0 is NULL
R14=0x00000008019a0be8 is a pointer to class: 
com.getir.reading.listener.SpringSecurityAuditorAware {0x00000008019a0bf0}
 - instance size:     2
 - klass size:        68
 - access:            synchronized 
 - state:             fully_initialized
 - name:              'com/getir/reading/listener/SpringSecurityAuditorAware'
 - super:             'java/lang/Object'
 - sub:               
 - arrays:            NULL
 - methods:           Array<T>(0x0000018f225cdfe0)
 - method ordering:   Array<T>(0x0000018f225ce1f0)
 - default_methods:   Array<T>(0x0000000000000000)
 - local interfaces:  Array<T>(0x0000018f22456180)
 - trans. interfaces: Array<T>(0x0000018f22456180)
 - constants:         constant pool [122]/operands[28] {0x0000018f225ce868} for 'com/getir/reading/listener/SpringSecurityAuditorAware' cache=0x0000018f225ced28
 - class loader data:  loader data: 0x0000018f10707ca0 for instance a 'org/springframework/boot/devtools/restart/classloader/RestartClassLoader'{0x0000000706a00180}
 - source file:       'SpringSecurityAuditorAware.java'
 - source debug extension:       SMAP
SpringSecurityAuditorAware.java
Java
*S jdt
*F
1 SpringSecurityAuditorAware.java
2 file:/C:/Users/burak.yilmaz/Downloads/reading/reading/target/classes/
*L
*E

 - class annotations:       Array<T>(0x0000018f225ce1a8)
 - class type annotations:  Array<T>(0x0000000000000000)
 - field annotations:       Array<T>(0x0000000000000000)
 - field type annotations:  Array<T>(0x0000000000000000)
 - generic signature: '
[error occurred during error reporting (printing register info), id 0xc0000005, EXCEPTION_ACCESS_VIOLATION (0xc0000005) at pc=0x00007fffc617e266]

Registers:
RAX=0x000000000000003c, RBX=0x0000018f7f4e06f8, RCX=0x00000000003b0009, RDX=0x0000018f14ab6ef0
RSP=0x00000070d1bff340, RBP=0x0000018f7f545880, RSI=0x0000000000000000, RDI=0xffffffffffffffff
R8 =0x000000000000003c, R9 =0x000000000000003e, R10=0x0000000000000000, R11=0x00000070d1bff360
R12=0x00000070d1bff498, R13=0x0000000000000000, R14=0x00000008019a0be8, R15=0x00000070d1bff4e8
RIP=0x00007fffc617d65a, EFLAGS=0x0000000000010202

Top of Stack: (sp=0x00000070d1bff340)
0x00000070d1bff340:   0000000000000035 00000008019a0be8
0x00000070d1bff350:   0000018f7f556930 0000000000000000
0x00000070d1bff360:   ffffffffffffffff 00007fffc5f44e0c
0x00000070d1bff370:   0000018f7f4e06f8 0000018f7f4e06c0
0x00000070d1bff380:   0000018f7f545880 0000018f09032550
0x00000070d1bff390:   0000018f7f4e0670 00000000000003d8
0x00000070d1bff3a0:   0000018f7f4e0680 0000018f7f4e0a58
0x00000070d1bff3b0:   0000000000000002 00000070d1bff498
0x00000070d1bff3c0:   0000000000000000 0000000000000000
0x00000070d1bff3d0:   0000000706ad72c0 00007fffc5f10634
0x00000070d1bff3e0:   0000018f7f556930 00000070d1bff4e8
0x00000070d1bff3f0:   0000018f5dbab480 00000070d1bff4e8
0x00000070d1bff400:   0000018f7f556930 0000000000000000
0x00000070d1bff410:   0000018f00000000 0000000000000000
0x00000070d1bff420:   000000000000000d 00007ffffef22e9f
0x00000070d1bff430:   00000070d1bff4e0 00007ffffef31830 

Instructions: (pc=0x00007fffc617d65a)
0x00007fffc617d55a:   48 83 c4 20 5f e9 8c 75 96 ff cc cc cc cc cc cc
0x00007fffc617d56a:   cc cc cc cc cc cc 48 89 5c 24 08 57 48 83 ec 20
0x00007fffc617d57a:   83 fa 02 8d 42 06 b9 08 00 00 00 49 8b d8 0f 4e
0x00007fffc617d58a:   c1 48 63 c8 48 83 c1 07 83 e1 f8 48 63 f9 49 8b
0x00007fffc617d59a:   48 18 48 8b c7 48 f7 d0 48 3b c1 73 16 4c 8d 05
0x00007fffc617d5aa:   9a 52 17 00 48 8b d7 48 8b cb e8 97 d8 96 ff 48
0x00007fffc617d5ba:   8b 4b 18 48 8d 04 39 48 3b 43 20 76 18 45 33 c0
0x00007fffc617d5ca:   48 8b d7 48 8b cb 48 8b 5c 24 30 48 83 c4 20 5f
0x00007fffc617d5da:   e9 f1 d4 96 ff 48 89 43 18 48 8b c1 48 8b 5c 24
0x00007fffc617d5ea:   30 48 83 c4 20 5f c3 cc cc cc cc cc cc cc cc cc
0x00007fffc617d5fa:   cc cc cc cc cc cc 4c 8b d2 4c 8b d9 45 85 c0 7e
0x00007fffc617d60a:   3c 44 0f b7 49 04 41 8d 40 ff 41 3b c1 44 0f 4c
0x00007fffc617d61a:   c8 4d 63 c1 45 85 c9 7e 1f 48 8b c2 4c 2b da 49
0x00007fffc617d62a:   8b d0 0f 1f 40 00 41 0f b6 4c 03 06 88 08 48 8d
0x00007fffc617d63a:   40 01 48 83 ea 01 75 ee 43 c6 04 10 00 49 8b c2
0x00007fffc617d64a:   c3 cc cc cc cc cc 48 89 5c 24 08 57 48 83 ec 20
0x00007fffc617d65a:   0f b7 59 04 48 8b f9 33 d2 48 8d 4b 01 e8 44 96
0x00007fffc617d66a:   f8 ff 0f b7 57 04 4c 8b c0 3b da 0f 42 d3 44 8b
0x00007fffc617d67a:   ca 85 d2 74 39 48 2b f8 0f 1f 40 00 66 66 0f 1f
0x00007fffc617d68a:   84 00 00 00 00 00 0f b6 4c 07 06 88 08 48 ff c0
0x00007fffc617d69a:   48 8b c8 49 2b c8 49 3b c9 7c eb 42 c6 04 02 00
0x00007fffc617d6aa:   49 8b c0 48 8b 5c 24 30 48 83 c4 20 5f c3 48 8b
0x00007fffc617d6ba:   5c 24 30 c6 04 02 00 48 83 c4 20 5f c3 cc cc cc
0x00007fffc617d6ca:   cc cc cc cc cc cc 4c 8b d1 45 85 c0 7e 6c 44 0f
0x00007fffc617d6da:   b7 49 04 41 8d 40 ff 41 3b c1 44 0f 4c c8 4d 63
0x00007fffc617d6ea:   d9 45 85 c9 7e 22 48 8b ca 4c 2b d2 4d 8b c3 0f
0x00007fffc617d6fa:   1f 80 00 00 00 00 41 0f b6 44 0a 06 88 01 48 8d
0x00007fffc617d70a:   49 01 49 83 e8 01 75 ee 41 c6 04 13 00 48 c7 c0
0x00007fffc617d71a:   ff ff ff ff 66 90 48 ff c0 80 3c 02 00 75 f7 48
0x00007fffc617d72a:   63 c8 85 c0 48 8b c2 7e 14 80 38 2f 75 03 c6 00
0x00007fffc617d73a:   2e 48 ff c0 48 83 e9 01 75 ef 48 8b c2 c3 cc cc
0x00007fffc617d74a:   cc cc cc cc cc cc 48 83 ec 28 e8 f7 fe ff ff 4c 


Stack slot to memory mapping:
stack at sp + 0 slots: 0x0000000000000035 is an unknown value
stack at sp + 1 slots: 0x00000008019a0be8 is a pointer to class: 
com.getir.reading.listener.SpringSecurityAuditorAware {0x00000008019a0bf0}
 - instance size:     2
 - klass size:        68
 - access:            synchronized 
 - state:             fully_initialized
 - name:              'com/getir/reading/listener/SpringSecurityAuditorAware'
 - super:             'java/lang/Object'
 - sub:               
 - arrays:            NULL
 - methods:           Array<T>(0x0000018f225cdfe0)
 - method ordering:   Array<T>(0x0000018f225ce1f0)
 - default_methods:   Array<T>(0x0000000000000000)
 - local interfaces:  Array<T>(0x0000018f22456180)
 - trans. interfaces: Array<T>(0x0000018f22456180)
 - constants:         constant pool [122]/operands[28] {0x0000018f225ce868} for 'com/getir/reading/listener/SpringSecurityAuditorAware' cache=0x0000018f225ced28
 - class loader data:  loader data: 0x0000018f10707ca0 for instance a 'org/springframework/boot/devtools/restart/classloader/RestartClassLoader'{0x0000000706a00180}
 - source file:       'SpringSecurityAuditorAware.java'
 - source debug extension:       SMAP
SpringSecurityAuditorAware.java
Java
*S jdt
*F
1 SpringSecurityAuditorAware.java
2 file:/C:/Users/burak.yilmaz/Downloads/reading/reading/target/classes/
*L
*E

 - class annotations:       Array<T>(0x0000018f225ce1a8)
 - class type annotations:  Array<T>(0x0000000000000000)
 - field annotations:       Array<T>(0x0000000000000000)
 - field type annotations:  Array<T>(0x0000000000000000)
 - generic signature: '
[error occurred during error reporting (inspecting top of stack), id 0xc0000005, EXCEPTION_ACCESS_VIOLATION (0xc0000005) at pc=0x00007fffc617e266]


---------------  P R O C E S S  ---------------

Threads class SMR info:
_java_thread_list=0x0000018f0902f220, length=74, elements={
0x0000018f74deca40, 0x0000018f74dedd90, 0x0000018f74dff290, 0x0000018f74e01c60,
0x0000018f74e033c0, 0x0000018f74e06920, 0x0000018f74e08540, 0x0000018f74e0cbd0,
0x0000018f7f29a6c0, 0x0000018f7f4e2aa0, 0x0000018f7f556930, 0x0000018f7f5650f0,
0x0000018f7f5657d0, 0x0000018f034684e0, 0x0000018f074007a0, 0x0000018f053b0e40,
0x0000018f053a9f90, 0x0000018f0f15b2d0, 0x0000018f0f15bc70, 0x0000018f0f15d480,
0x0000018f0f15ae00, 0x0000018f0f15d950, 0x0000018f0f1604a0, 0x0000018f0f15ec90,
0x0000018f0f1617e0, 0x0000018f0f160970, 0x0000018f0f15f160, 0x0000018f0f15f630,
0x0000018f0f15fb00, 0x0000018f0f15ffd0, 0x0000018f0f161310, 0x0000018f074037c0,
0x0000018f074054a0, 0x0000018f073ff930, 0x0000018f07405e40, 0x0000018f07405970,
0x0000018f074032f0, 0x0000018f07403c90, 0x0000018f07404630, 0x0000018f07404b00,
0x0000018f07401610, 0x0000018f07401fb0, 0x0000018f07404fd0, 0x0000018f07406310,
0x0000018f074067e0, 0x0000018f07401140, 0x0000018f07406cb0, 0x0000018f07407180,
0x0000018f073ffe00, 0x0000018f07402950, 0x0000018f074002d0, 0x0000018f07400c70,
0x0000018f07402480, 0x0000018f07401ae0, 0x0000018f053b1310, 0x0000018f053ab7a0,
0x0000018f053b17e0, 0x0000018f053aa930, 0x0000018f053af630, 0x0000018f053affd0,
0x0000018f053afb00, 0x0000018f053ab2d0, 0x0000018f053ac140, 0x0000018f053ac610,
0x0000018f053acae0, 0x0000018f053ad480, 0x0000018f053ade20, 0x0000018f053ae2f0,
0x0000018f053ae7c0, 0x0000018f053aec90, 0x0000018f05b45f20, 0x0000018f05b47c00,
0x0000018f05b468c0, 0x0000018f05b48f40
}

Java Threads: ( => current thread )
  0x0000018f74deca40 JavaThread "Reference Handler" daemon [_thread_blocked, id=24812, stack(0x00000070d0d00000,0x00000070d0e00000)]
  0x0000018f74dedd90 JavaThread "Finalizer" daemon [_thread_blocked, id=24140, stack(0x00000070d0e00000,0x00000070d0f00000)]
  0x0000018f74dff290 JavaThread "Signal Dispatcher" daemon [_thread_blocked, id=26096, stack(0x00000070d0f00000,0x00000070d1000000)]
  0x0000018f74e01c60 JavaThread "Attach Listener" daemon [_thread_blocked, id=24156, stack(0x00000070d1000000,0x00000070d1100000)]
  0x0000018f74e033c0 JavaThread "Service Thread" daemon [_thread_blocked, id=30868, stack(0x00000070d1100000,0x00000070d1200000)]
  0x0000018f74e06920 JavaThread "Monitor Deflation Thread" daemon [_thread_blocked, id=31176, stack(0x00000070d1200000,0x00000070d1300000)]
  0x0000018f74e08540 JavaThread "C2 CompilerThread0" daemon [_thread_blocked, id=31708, stack(0x00000070d1300000,0x00000070d1400000)]
  0x0000018f74e0cbd0 JavaThread "C1 CompilerThread0" daemon [_thread_blocked, id=29104, stack(0x00000070d1400000,0x00000070d1500000)]
  0x0000018f7f29a6c0 JavaThread "Sweeper thread" daemon [_thread_blocked, id=20352, stack(0x00000070d1500000,0x00000070d1600000)]
  0x0000018f7f4e2aa0 JavaThread "Common-Cleaner" daemon [_thread_blocked, id=28384, stack(0x00000070d1600000,0x00000070d1700000)]
=>0x0000018f7f556930 JavaThread "JDWP Transport Listener: dt_socket" daemon [_thread_in_vm, id=23348, stack(0x00000070d1b00000,0x00000070d1c00000)]
  0x0000018f7f5650f0 JavaThread "JDWP Event Helper Thread" daemon [_thread_blocked, id=25388, stack(0x00000070d1c00000,0x00000070d1d00000)]
  0x0000018f7f5657d0 JavaThread "JDWP Command Reader" daemon [_thread_in_native, id=20056, stack(0x00000070d1d00000,0x00000070d1e00000)]
  0x0000018f034684e0 JavaThread "Notification Thread" daemon [_thread_blocked, id=28116, stack(0x00000070d1f00000,0x00000070d2000000)]
  0x0000018f074007a0 JavaThread "Thread-5" daemon [_thread_in_native, id=31568, stack(0x00000070d2b00000,0x00000070d2c00000)]
  0x0000018f053b0e40 JavaThread "BufferPoolPruner-1-thread-1" daemon [_thread_blocked, id=18020, stack(0x00000070d5b00000,0x00000070d5c00000)]
  0x0000018f053a9f90 JavaThread "Live Reload Server" daemon [_thread_in_native, id=4124, stack(0x00000070d6200000,0x00000070d6300000)]
  0x0000018f0f15b2d0 JavaThread "DestroyJavaVM" [_thread_blocked, id=22616, stack(0x00000070d0600000,0x00000070d0700000)]
  0x0000018f0f15bc70 JavaThread "Thread-6" [_thread_blocked, id=24568, stack(0x00000070d0500000,0x00000070d0600000)]
  0x0000018f0f15d480 JavaThread "restartedMain" [_thread_blocked, id=31160, stack(0x00000070d1700000,0x00000070d1800000)]
  0x0000018f0f15ae00 JavaThread "HikariPool-2 housekeeper" daemon [_thread_blocked, id=21292, stack(0x00000070d2800000,0x00000070d2900000)]
  0x0000018f0f15d950 JavaThread "redisson-netty-7-1" [_thread_in_native, id=14396, stack(0x00000070d1900000,0x00000070d1a00000)]
  0x0000018f0f1604a0 JavaThread "redisson-netty-7-2" [_thread_in_native, id=29736, stack(0x00000070d2700000,0x00000070d2800000)]
  0x0000018f0f15ec90 JavaThread "redisson-netty-7-3" [_thread_in_native, id=31592, stack(0x00000070d2e00000,0x00000070d2f00000)]
  0x0000018f0f1617e0 JavaThread "redisson-netty-7-4" [_thread_in_native, id=14248, stack(0x00000070d3500000,0x00000070d3600000)]
  0x0000018f0f160970 JavaThread "redisson-netty-7-5" [_thread_in_native, id=26044, stack(0x00000070d3600000,0x00000070d3700000)]
  0x0000018f0f15f160 JavaThread "redisson-timer-9-1" [_thread_blocked, id=28900, stack(0x00000070d3700000,0x00000070d3800000)]
  0x0000018f0f15f630 JavaThread "redisson-netty-7-6" [_thread_in_native, id=8804, stack(0x00000070d3800000,0x00000070d3900000)]
  0x0000018f0f15fb00 JavaThread "redisson-netty-7-7" [_thread_in_native, id=28868, stack(0x00000070d3900000,0x00000070d3a00000)]
  0x0000018f0f15ffd0 JavaThread "redisson-netty-7-8" [_thread_in_native, id=26500, stack(0x00000070d3b00000,0x00000070d3c00000)]
  0x0000018f0f161310 JavaThread "redisson-netty-7-9" [_thread_in_native, id=24352, stack(0x00000070d3c00000,0x00000070d3d00000)]
  0x0000018f074037c0 JavaThread "redisson-netty-7-10" [_thread_in_native, id=12436, stack(0x00000070d3d00000,0x00000070d3e00000)]
  0x0000018f074054a0 JavaThread "redisson-netty-7-11" [_thread_in_native, id=8816, stack(0x00000070d3e00000,0x00000070d3f00000)]
  0x0000018f073ff930 JavaThread "redisson-netty-7-12" [_thread_in_native, id=20092, stack(0x00000070d3f00000,0x00000070d4000000)]
  0x0000018f07405e40 JavaThread "redisson-netty-7-13" [_thread_in_native, id=5004, stack(0x00000070d4000000,0x00000070d4100000)]
  0x0000018f07405970 JavaThread "redisson-netty-7-14" [_thread_in_native, id=15324, stack(0x00000070d4100000,0x00000070d4200000)]
  0x0000018f074032f0 JavaThread "redisson-netty-7-15" [_thread_in_native, id=20696, stack(0x00000070d4200000,0x00000070d4300000)]
  0x0000018f07403c90 JavaThread "redisson-netty-7-16" [_thread_in_native, id=7148, stack(0x00000070d4300000,0x00000070d4400000)]
  0x0000018f07404630 JavaThread "redisson-netty-7-17" [_thread_in_native, id=8704, stack(0x00000070d4400000,0x00000070d4500000)]
  0x0000018f07404b00 JavaThread "redisson-netty-7-18" [_thread_in_native, id=1048, stack(0x00000070d4500000,0x00000070d4600000)]
  0x0000018f07401610 JavaThread "redisson-netty-7-19" [_thread_in_native, id=22892, stack(0x00000070d4600000,0x00000070d4700000)]
  0x0000018f07401fb0 JavaThread "redisson-netty-7-20" [_thread_in_native, id=19632, stack(0x00000070d4700000,0x00000070d4800000)]
  0x0000018f07404fd0 JavaThread "redisson-netty-7-21" [_thread_in_native, id=25856, stack(0x00000070d4800000,0x00000070d4900000)]
  0x0000018f07406310 JavaThread "redisson-netty-7-22" [_thread_in_native, id=25416, stack(0x00000070d4900000,0x00000070d4a00000)]
  0x0000018f074067e0 JavaThread "redisson-netty-7-23" [_thread_in_native, id=15888, stack(0x00000070d4a00000,0x00000070d4b00000)]
  0x0000018f07401140 JavaThread "redisson-netty-7-24" [_thread_in_native, id=18488, stack(0x00000070d4b00000,0x00000070d4c00000)]
  0x0000018f07406cb0 JavaThread "redisson-netty-7-25" [_thread_in_native, id=17740, stack(0x00000070d4c00000,0x00000070d4d00000)]
  0x0000018f07407180 JavaThread "redisson-netty-7-26" [_thread_in_native, id=4876, stack(0x00000070d4d00000,0x00000070d4e00000)]
  0x0000018f073ffe00 JavaThread "redisson-netty-7-27" [_thread_in_native, id=27176, stack(0x00000070d4e00000,0x00000070d4f00000)]
  0x0000018f07402950 JavaThread "redisson-netty-7-28" [_thread_in_native, id=8976, stack(0x00000070d4f00000,0x00000070d5000000)]
  0x0000018f074002d0 JavaThread "redisson-netty-7-29" [_thread_in_native, id=12524, stack(0x00000070d5000000,0x00000070d5100000)]
  0x0000018f07400c70 JavaThread "redisson-netty-7-30" [_thread_in_native, id=24308, stack(0x00000070d5100000,0x00000070d5200000)]
  0x0000018f07402480 JavaThread "redisson-netty-7-31" [_thread_in_native, id=23108, stack(0x00000070d5200000,0x00000070d5300000)]
  0x0000018f07401ae0 JavaThread "redisson-netty-7-32" [_thread_in_native, id=26060, stack(0x00000070d5300000,0x00000070d5400000)]
  0x0000018f053b1310 JavaThread "lettuce-timer-11-1" daemon [_thread_blocked, id=7336, stack(0x00000070d5400000,0x00000070d5500000)]
  0x0000018f053ab7a0 JavaThread "cluster-ClusterId{value='6432e6722ab3c670a71e2eb2', description='null'}-localhost:27017" daemon [_thread_in_native, id=26448, stack(0x00000070d5500000,0x00000070d5600000)]
  0x0000018f053b17e0 JavaThread "cluster-rtt-ClusterId{value='6432e6722ab3c670a71e2eb2', description='null'}-localhost:27017" daemon [_thread_blocked, id=27388, stack(0x00000070d5600000,0x00000070d5700000)]
  0x0000018f053aa930 JavaThread "MaintenanceTimer-3-thread-1" daemon [_thread_blocked, id=29116, stack(0x00000070d5700000,0x00000070d5800000)]
  0x0000018f053af630 JavaThread "Catalina-utility-1" [_thread_blocked, id=30368, stack(0x00000070d5800000,0x00000070d5900000)]
  0x0000018f053affd0 JavaThread "Catalina-utility-2" [_thread_blocked, id=21152, stack(0x00000070d5900000,0x00000070d5a00000)]
  0x0000018f053afb00 JavaThread "container-0" [_thread_blocked, id=6908, stack(0x00000070d5a00000,0x00000070d5b00000)]
  0x0000018f053ab2d0 JavaThread "File Watcher" daemon [_thread_blocked, id=4780, stack(0x00000070d5c00000,0x00000070d5d00000)]
  0x0000018f053ac140 JavaThread "http-nio-8080-exec-1" daemon [_thread_blocked, id=21148, stack(0x00000070d5d00000,0x00000070d5e00000)]
  0x0000018f053ac610 JavaThread "http-nio-8080-exec-2" daemon [_thread_blocked, id=27952, stack(0x00000070d5e00000,0x00000070d5f00000)]
  0x0000018f053acae0 JavaThread "http-nio-8080-exec-3" daemon [_thread_blocked, id=27428, stack(0x00000070d5f00000,0x00000070d6000000)]
  0x0000018f053ad480 JavaThread "http-nio-8080-exec-4" daemon [_thread_blocked, id=28560, stack(0x00000070d6000000,0x00000070d6100000)]
  0x0000018f053ade20 JavaThread "http-nio-8080-exec-5" daemon [_thread_blocked, id=16796, stack(0x00000070d6100000,0x00000070d6200000)]
  0x0000018f053ae2f0 JavaThread "http-nio-8080-exec-6" daemon [_thread_blocked, id=23300, stack(0x00000070d6300000,0x00000070d6400000)]
  0x0000018f053ae7c0 JavaThread "http-nio-8080-exec-7" daemon [_thread_blocked, id=29744, stack(0x00000070d6400000,0x00000070d6500000)]
  0x0000018f053aec90 JavaThread "http-nio-8080-exec-8" daemon [_thread_blocked, id=29964, stack(0x00000070d6500000,0x00000070d6600000)]
  0x0000018f05b45f20 JavaThread "http-nio-8080-exec-9" daemon [_thread_blocked, id=9244, stack(0x00000070d6600000,0x00000070d6700000)]
  0x0000018f05b47c00 JavaThread "http-nio-8080-exec-10" daemon [_thread_blocked, id=26476, stack(0x00000070d6700000,0x00000070d6800000)]
  0x0000018f05b468c0 JavaThread "http-nio-8080-Poller" daemon [_thread_in_native, id=23236, stack(0x00000070d6800000,0x00000070d6900000)]
  0x0000018f05b48f40 JavaThread "http-nio-8080-Acceptor" daemon [_thread_in_native, id=30688, stack(0x00000070d6900000,0x00000070d6a00000)]

Other Threads:
  0x0000018f74de57f0 VMThread "VM Thread" [stack: 0x00000070d0c00000,0x00000070d0d00000] [id=30188]
  0x0000018f7f4ee9a0 WatcherThread [stack: 0x00000070d2000000,0x00000070d2100000] [id=30612]
  0x0000018f74c30cd0 GCTaskThread "GC Thread#0" [stack: 0x00000070d0700000,0x00000070d0800000] [id=9232]
  0x0000018f03c93fe0 GCTaskThread "GC Thread#1" [stack: 0x00000070d2100000,0x00000070d2200000] [id=27056]
  0x0000018f03c0e7e0 GCTaskThread "GC Thread#2" [stack: 0x00000070d2200000,0x00000070d2300000] [id=18344]
  0x0000018f03c0ed40 GCTaskThread "GC Thread#3" [stack: 0x00000070d2300000,0x00000070d2400000] [id=26660]
  0x0000018f03c0dfd0 GCTaskThread "GC Thread#4" [stack: 0x00000070d2400000,0x00000070d2500000] [id=21968]
  0x0000018f03c0e280 GCTaskThread "GC Thread#5" [stack: 0x00000070d2500000,0x00000070d2600000] [id=26764]
  0x0000018f03c0da70 GCTaskThread "GC Thread#6" [stack: 0x00000070d2600000,0x00000070d2700000] [id=24952]
  0x0000018f03c0e530 GCTaskThread "GC Thread#7" [stack: 0x00000070d2900000,0x00000070d2a00000] [id=19232]
  0x0000018f03c0ea90 GCTaskThread "GC Thread#8" [stack: 0x00000070d2a00000,0x00000070d2b00000] [id=27288]
  0x0000018f060e8930 GCTaskThread "GC Thread#9" [stack: 0x00000070d2f00000,0x00000070d3000000] [id=14648]
  0x0000018f060e7100 GCTaskThread "GC Thread#10" [stack: 0x00000070d3000000,0x00000070d3100000] [id=27728]
  0x0000018f060e5620 GCTaskThread "GC Thread#11" [stack: 0x00000070d3100000,0x00000070d3200000] [id=26872]
  0x0000018f060e6ba0 GCTaskThread "GC Thread#12" [stack: 0x00000070d3200000,0x00000070d3300000] [id=28920]
  0x0000018f5dbfb0d0 ConcurrentGCThread "G1 Main Marker" [stack: 0x00000070d0800000,0x00000070d0900000] [id=4336]
  0x0000018f5dbfc700 ConcurrentGCThread "G1 Conc#0" [stack: 0x00000070d0900000,0x00000070d0a00000] [id=25452]
  0x0000018f060e83d0 ConcurrentGCThread "G1 Conc#1" [stack: 0x00000070d3300000,0x00000070d3400000] [id=18332]
  0x0000018f060e7bc0 ConcurrentGCThread "G1 Conc#2" [stack: 0x00000070d3400000,0x00000070d3500000] [id=27872]
  0x0000018f74d1c380 ConcurrentGCThread "G1 Refine#0" [stack: 0x00000070d0a00000,0x00000070d0b00000] [id=27004]
  0x0000018f15b07430 ConcurrentGCThread "G1 Refine#1" [stack: 0x00000070d6f00000,0x00000070d7000000] [id=25180]
  0x0000018f74d1cda0 ConcurrentGCThread "G1 Service" [stack: 0x00000070d0b00000,0x00000070d0c00000] [id=27700]

Threads with active compile tasks:

VM state: not at safepoint (normal execution)

VM Mutex/Monitor currently owned by a thread: None

Heap address: 0x0000000703600000, size: 4042 MB, Compressed Oops mode: Zero based, Oop shift amount: 3

CDS archive(s) mapped at: [0x0000000800000000-0x0000000800bc0000-0x0000000800bc0000), size 12320768, SharedBaseAddress: 0x0000000800000000, ArchiveRelocationMode: 0.
Compressed class space mapped at: 0x0000000800c00000-0x0000000840c00000, reserved size: 1073741824
Narrow klass base: 0x0000000800000000, Narrow klass shift: 0, Narrow klass range: 0x100000000

GC Precious Log:
 CPUs: 16 total, 16 available
 Memory: 16163M
 Large Page Support: Disabled
 NUMA Support: Disabled
 Compressed Oops: Enabled (Zero based)
 Heap Region Size: 2M
 Heap Min Capacity: 8M
 Heap Initial Capacity: 254M
 Heap Max Capacity: 4042M
 Pre-touch: Disabled
 Parallel Workers: 13
 Concurrent Workers: 3
 Concurrent Refinement Workers: 13
 Periodic GC: Disabled

Heap:
 garbage-first heap   total 245760K, used 63962K [0x0000000703600000, 0x0000000800000000)
  region size 2048K, 5 young (10240K), 2 survivors (4096K)
 Metaspace       used 105411K, committed 106048K, reserved 1146880K
  class space    used 13783K, committed 14080K, reserved 1048576K

Heap Regions: E=young(eden), S=young(survivor), O=old, HS=humongous(starts), HC=humongous(continues), CS=collection set, F=free, OA=open archive, CA=closed archive, TAMS=top-at-mark-start (previous, next)
|   0|0x0000000703600000, 0x00000007037fffc8, 0x0000000703800000| 99%| O|  |TAMS 0x0000000703600000, 0x0000000703600000| Untracked 
|   1|0x0000000703800000, 0x0000000703a00000, 0x0000000703a00000|100%| O|  |TAMS 0x0000000703a00000, 0x0000000703800000| Untracked 
|   2|0x0000000703a00000, 0x0000000703bffff0, 0x0000000703c00000| 99%| O|  |TAMS 0x0000000703a00000, 0x0000000703a00000| Untracked 
|   3|0x0000000703c00000, 0x0000000703e00000, 0x0000000703e00000|100%| O|  |TAMS 0x0000000703e00000, 0x0000000703c00000| Untracked 
|   4|0x0000000703e00000, 0x0000000704000000, 0x0000000704000000|100%| O|  |TAMS 0x0000000703e00000, 0x0000000703e00000| Untracked 
|   5|0x0000000704000000, 0x00000007041fffc0, 0x0000000704200000| 99%| O|  |TAMS 0x0000000704000000, 0x0000000704000000| Untracked 
|   6|0x0000000704200000, 0x00000007043ffdd8, 0x0000000704400000| 99%| O|  |TAMS 0x0000000704200000, 0x0000000704200000| Untracked 
|   7|0x0000000704400000, 0x00000007045ffff8, 0x0000000704600000| 99%| O|  |TAMS 0x0000000704400000, 0x0000000704400000| Untracked 
|   8|0x0000000704600000, 0x00000007047fffd0, 0x0000000704800000| 99%| O|  |TAMS 0x0000000704600000, 0x0000000704600000| Untracked 
|   9|0x0000000704800000, 0x00000007049ffff0, 0x0000000704a00000| 99%| O|  |TAMS 0x0000000704800000, 0x0000000704800000| Untracked 
|  10|0x0000000704a00000, 0x0000000704bffff0, 0x0000000704c00000| 99%| O|  |TAMS 0x0000000704a00000, 0x0000000704a00000| Untracked 
|  11|0x0000000704c00000, 0x0000000704dfffd8, 0x0000000704e00000| 99%| O|  |TAMS 0x0000000704c00000, 0x0000000704c00000| Untracked 
|  12|0x0000000704e00000, 0x0000000704fffff8, 0x0000000705000000| 99%| O|  |TAMS 0x0000000704e00000, 0x0000000704e00000| Untracked 
|  13|0x0000000705000000, 0x00000007051fff28, 0x0000000705200000| 99%| O|  |TAMS 0x0000000705000000, 0x0000000705000000| Untracked 
|  14|0x0000000705200000, 0x00000007053ffff8, 0x0000000705400000| 99%| O|  |TAMS 0x0000000705200000, 0x0000000705200000| Untracked 
|  15|0x0000000705400000, 0x00000007055fffb0, 0x0000000705600000| 99%| O|  |TAMS 0x0000000705400000, 0x0000000705400000| Untracked 
|  16|0x0000000705600000, 0x00000007057ffff0, 0x0000000705800000| 99%| O|  |TAMS 0x0000000705600000, 0x0000000705600000| Untracked 
|  17|0x0000000705800000, 0x00000007059fffd8, 0x0000000705a00000| 99%| O|  |TAMS 0x0000000705800000, 0x0000000705800000| Untracked 
|  18|0x0000000705a00000, 0x0000000705ab18e8, 0x0000000705c00000| 34%| O|  |TAMS 0x0000000705a00000, 0x0000000705a00000| Untracked 
|  19|0x0000000705c00000, 0x0000000705dffff8, 0x0000000705e00000| 99%| O|  |TAMS 0x0000000705c00000, 0x0000000705c00000| Untracked 
|  20|0x0000000705e00000, 0x0000000705eb51a8, 0x0000000706000000| 35%| O|  |TAMS 0x0000000705e00000, 0x0000000705e00000| Untracked 
|  21|0x0000000706000000, 0x000000070616adf8, 0x0000000706200000| 70%| O|  |TAMS 0x0000000706000000, 0x0000000706000000| Untracked 
|  22|0x0000000706200000, 0x00000007062637b8, 0x0000000706400000| 19%| O|  |TAMS 0x0000000706200000, 0x0000000706200000| Untracked 
|  23|0x0000000706400000, 0x00000007064995e8, 0x0000000706600000| 29%| O|  |TAMS 0x0000000706400000, 0x0000000706400000| Untracked 
|  24|0x0000000706600000, 0x000000070668f840, 0x0000000706800000| 28%| O|  |TAMS 0x0000000706600000, 0x0000000706600000| Untracked 
|  25|0x0000000706800000, 0x000000070680e810, 0x0000000706a00000|  2%| O|  |TAMS 0x0000000706800000, 0x0000000706800000| Untracked 
|  26|0x0000000706a00000, 0x0000000706c00000, 0x0000000706c00000|100%| O|  |TAMS 0x0000000706a00000, 0x0000000706a00000| Untracked 
|  27|0x0000000706c00000, 0x0000000706e00000, 0x0000000706e00000|100%| O|  |TAMS 0x0000000706c00000, 0x0000000706c00000| Untracked 
|  28|0x0000000706e00000, 0x0000000707000000, 0x0000000707000000|100%| O|  |TAMS 0x0000000706e00000, 0x0000000706e00000| Untracked 
|  29|0x0000000707000000, 0x0000000707200000, 0x0000000707200000|100%| O|  |TAMS 0x0000000707000000, 0x0000000707000000| Untracked 
|  30|0x0000000707200000, 0x0000000707400000, 0x0000000707400000|100%| O|  |TAMS 0x0000000707200000, 0x0000000707200000| Untracked 
|  31|0x0000000707400000, 0x0000000707600000, 0x0000000707600000|100%| O|  |TAMS 0x0000000707400000, 0x0000000707400000| Untracked 
|  32|0x0000000707600000, 0x000000070774c800, 0x0000000707800000| 64%| O|  |TAMS 0x0000000707600000, 0x0000000707600000| Untracked 
|  33|0x0000000707800000, 0x0000000707800000, 0x0000000707a00000|  0%| F|  |TAMS 0x0000000707800000, 0x0000000707800000| Untracked 
|  34|0x0000000707a00000, 0x0000000707a00000, 0x0000000707c00000|  0%| F|  |TAMS 0x0000000707a00000, 0x0000000707a00000| Untracked 
|  35|0x0000000707c00000, 0x0000000707c00000, 0x0000000707e00000|  0%| F|  |TAMS 0x0000000707c00000, 0x0000000707c00000| Untracked 
|  36|0x0000000707e00000, 0x0000000707e00000, 0x0000000708000000|  0%| F|  |TAMS 0x0000000707e00000, 0x0000000707e00000| Untracked 
|  37|0x0000000708000000, 0x0000000708000000, 0x0000000708200000|  0%| F|  |TAMS 0x0000000708000000, 0x0000000708000000| Untracked 
|  38|0x0000000708200000, 0x0000000708200000, 0x0000000708400000|  0%| F|  |TAMS 0x0000000708200000, 0x0000000708200000| Untracked 
|  39|0x0000000708400000, 0x0000000708400000, 0x0000000708600000|  0%| F|  |TAMS 0x0000000708400000, 0x0000000708400000| Untracked 
|  40|0x0000000708600000, 0x0000000708600000, 0x0000000708800000|  0%| F|  |TAMS 0x0000000708600000, 0x0000000708600000| Untracked 
|  41|0x0000000708800000, 0x0000000708800000, 0x0000000708a00000|  0%| F|  |TAMS 0x0000000708800000, 0x0000000708800000| Untracked 
|  42|0x0000000708a00000, 0x0000000708a00000, 0x0000000708c00000|  0%| F|  |TAMS 0x0000000708a00000, 0x0000000708a00000| Untracked 
|  43|0x0000000708c00000, 0x0000000708c00000, 0x0000000708e00000|  0%| F|  |TAMS 0x0000000708c00000, 0x0000000708c00000| Untracked 
|  44|0x0000000708e00000, 0x0000000708e00000, 0x0000000709000000|  0%| F|  |TAMS 0x0000000708e00000, 0x0000000708e00000| Untracked 
|  45|0x0000000709000000, 0x0000000709000000, 0x0000000709200000|  0%| F|  |TAMS 0x0000000709000000, 0x0000000709000000| Untracked 
|  46|0x0000000709200000, 0x0000000709200000, 0x0000000709400000|  0%| F|  |TAMS 0x0000000709200000, 0x0000000709200000| Untracked 
|  47|0x0000000709400000, 0x0000000709400000, 0x0000000709600000|  0%| F|  |TAMS 0x0000000709400000, 0x0000000709400000| Untracked 
|  48|0x0000000709600000, 0x0000000709600000, 0x0000000709800000|  0%| F|  |TAMS 0x0000000709600000, 0x0000000709600000| Untracked 
|  49|0x0000000709800000, 0x0000000709800000, 0x0000000709a00000|  0%| F|  |TAMS 0x0000000709800000, 0x0000000709800000| Untracked 
|  50|0x0000000709a00000, 0x0000000709a00000, 0x0000000709c00000|  0%| F|  |TAMS 0x0000000709a00000, 0x0000000709a00000| Untracked 
|  51|0x0000000709c00000, 0x0000000709c45e08, 0x0000000709e00000| 13%| O|  |TAMS 0x0000000709c00000, 0x0000000709c00000| Untracked 
|  52|0x0000000709e00000, 0x0000000709e00000, 0x000000070a000000|  0%| F|  |TAMS 0x0000000709e00000, 0x0000000709e00000| Untracked 
|  53|0x000000070a000000, 0x000000070a000000, 0x000000070a200000|  0%| F|  |TAMS 0x000000070a000000, 0x000000070a000000| Untracked 
|  54|0x000000070a200000, 0x000000070a200000, 0x000000070a400000|  0%| F|  |TAMS 0x000000070a200000, 0x000000070a200000| Untracked 
|  55|0x000000070a400000, 0x000000070a400000, 0x000000070a600000|  0%| F|  |TAMS 0x000000070a400000, 0x000000070a400000| Untracked 
|  56|0x000000070a600000, 0x000000070a600000, 0x000000070a800000|  0%| F|  |TAMS 0x000000070a600000, 0x000000070a600000| Untracked 
|  57|0x000000070a800000, 0x000000070a800000, 0x000000070aa00000|  0%| F|  |TAMS 0x000000070a800000, 0x000000070a800000| Untracked 
|  58|0x000000070aa00000, 0x000000070aa00000, 0x000000070ac00000|  0%| F|  |TAMS 0x000000070aa00000, 0x000000070aa00000| Untracked 
|  59|0x000000070ac00000, 0x000000070ac78420, 0x000000070ae00000| 23%| S|CS|TAMS 0x000000070ac00000, 0x000000070ac00000| Complete 
|  60|0x000000070ae00000, 0x000000070b000000, 0x000000070b000000|100%| S|CS|TAMS 0x000000070ae00000, 0x000000070ae00000| Complete 
|  61|0x000000070b000000, 0x000000070b000000, 0x000000070b200000|  0%| F|  |TAMS 0x000000070b000000, 0x000000070b000000| Untracked 
|  62|0x000000070b200000, 0x000000070b200000, 0x000000070b400000|  0%| F|  |TAMS 0x000000070b200000, 0x000000070b200000| Untracked 
|  63|0x000000070b400000, 0x000000070b400000, 0x000000070b600000|  0%| F|  |TAMS 0x000000070b400000, 0x000000070b400000| Untracked 
|  64|0x000000070b600000, 0x000000070b600000, 0x000000070b800000|  0%| F|  |TAMS 0x000000070b600000, 0x000000070b600000| Untracked 
|  65|0x000000070b800000, 0x000000070b800000, 0x000000070ba00000|  0%| F|  |TAMS 0x000000070b800000, 0x000000070b800000| Untracked 
|  66|0x000000070ba00000, 0x000000070ba00000, 0x000000070bc00000|  0%| F|  |TAMS 0x000000070ba00000, 0x000000070ba00000| Untracked 
|  67|0x000000070bc00000, 0x000000070bc00000, 0x000000070be00000|  0%| F|  |TAMS 0x000000070bc00000, 0x000000070bc00000| Untracked 
|  68|0x000000070be00000, 0x000000070be00000, 0x000000070c000000|  0%| F|  |TAMS 0x000000070be00000, 0x000000070be00000| Untracked 
|  69|0x000000070c000000, 0x000000070c000000, 0x000000070c200000|  0%| F|  |TAMS 0x000000070c000000, 0x000000070c000000| Untracked 
|  70|0x000000070c200000, 0x000000070c200000, 0x000000070c400000|  0%| F|  |TAMS 0x000000070c200000, 0x000000070c200000| Untracked 
|  71|0x000000070c400000, 0x000000070c400000, 0x000000070c600000|  0%| F|  |TAMS 0x000000070c400000, 0x000000070c400000| Untracked 
|  72|0x000000070c600000, 0x000000070c600000, 0x000000070c800000|  0%| F|  |TAMS 0x000000070c600000, 0x000000070c600000| Untracked 
|  73|0x000000070c800000, 0x000000070c800000, 0x000000070ca00000|  0%| F|  |TAMS 0x000000070c800000, 0x000000070c800000| Untracked 
|  74|0x000000070ca00000, 0x000000070ca00000, 0x000000070cc00000|  0%| F|  |TAMS 0x000000070ca00000, 0x000000070ca00000| Untracked 
|  75|0x000000070cc00000, 0x000000070cc00000, 0x000000070ce00000|  0%| F|  |TAMS 0x000000070cc00000, 0x000000070cc00000| Untracked 
|  76|0x000000070ce00000, 0x000000070ce00000, 0x000000070d000000|  0%| F|  |TAMS 0x000000070ce00000, 0x000000070ce00000| Untracked 
|  77|0x000000070d000000, 0x000000070d000000, 0x000000070d200000|  0%| F|  |TAMS 0x000000070d000000, 0x000000070d000000| Untracked 
|  78|0x000000070d200000, 0x000000070d200000, 0x000000070d400000|  0%| F|  |TAMS 0x000000070d200000, 0x000000070d200000| Untracked 
|  79|0x000000070d400000, 0x000000070d400000, 0x000000070d600000|  0%| F|  |TAMS 0x000000070d400000, 0x000000070d400000| Untracked 
|  80|0x000000070d600000, 0x000000070d600000, 0x000000070d800000|  0%| F|  |TAMS 0x000000070d600000, 0x000000070d600000| Untracked 
|  81|0x000000070d800000, 0x000000070d800000, 0x000000070da00000|  0%| F|  |TAMS 0x000000070d800000, 0x000000070d800000| Untracked 
|  82|0x000000070da00000, 0x000000070da00000, 0x000000070dc00000|  0%| F|  |TAMS 0x000000070da00000, 0x000000070da00000| Untracked 
|  83|0x000000070dc00000, 0x000000070dc00000, 0x000000070de00000|  0%| F|  |TAMS 0x000000070dc00000, 0x000000070dc00000| Untracked 
|  84|0x000000070de00000, 0x000000070de00000, 0x000000070e000000|  0%| F|  |TAMS 0x000000070de00000, 0x000000070de00000| Untracked 
|  85|0x000000070e000000, 0x000000070e000000, 0x000000070e200000|  0%| F|  |TAMS 0x000000070e000000, 0x000000070e000000| Untracked 
|  86|0x000000070e200000, 0x000000070e200000, 0x000000070e400000|  0%| F|  |TAMS 0x000000070e200000, 0x000000070e200000| Untracked 
|  87|0x000000070e400000, 0x000000070e400000, 0x000000070e600000|  0%| F|  |TAMS 0x000000070e400000, 0x000000070e400000| Untracked 
|  88|0x000000070e600000, 0x000000070e600000, 0x000000070e800000|  0%| F|  |TAMS 0x000000070e600000, 0x000000070e600000| Untracked 
|  89|0x000000070e800000, 0x000000070e800000, 0x000000070ea00000|  0%| F|  |TAMS 0x000000070e800000, 0x000000070e800000| Untracked 
|  90|0x000000070ea00000, 0x000000070ea00000, 0x000000070ec00000|  0%| F|  |TAMS 0x000000070ea00000, 0x000000070ea00000| Untracked 
|  91|0x000000070ec00000, 0x000000070ec00000, 0x000000070ee00000|  0%| F|  |TAMS 0x000000070ec00000, 0x000000070ec00000| Untracked 
|  92|0x000000070ee00000, 0x000000070ee00000, 0x000000070f000000|  0%| F|  |TAMS 0x000000070ee00000, 0x000000070ee00000| Untracked 
|  93|0x000000070f000000, 0x000000070f000000, 0x000000070f200000|  0%| F|  |TAMS 0x000000070f000000, 0x000000070f000000| Untracked 
|  94|0x000000070f200000, 0x000000070f200000, 0x000000070f400000|  0%| F|  |TAMS 0x000000070f200000, 0x000000070f200000| Untracked 
|  95|0x000000070f400000, 0x000000070f400000, 0x000000070f600000|  0%| F|  |TAMS 0x000000070f400000, 0x000000070f400000| Untracked 
|  96|0x000000070f600000, 0x000000070f600000, 0x000000070f800000|  0%| F|  |TAMS 0x000000070f600000, 0x000000070f600000| Untracked 
|  97|0x000000070f800000, 0x000000070f800000, 0x000000070fa00000|  0%| F|  |TAMS 0x000000070f800000, 0x000000070f800000| Untracked 
|  98|0x000000070fa00000, 0x000000070fa00000, 0x000000070fc00000|  0%| F|  |TAMS 0x000000070fa00000, 0x000000070fa00000| Untracked 
|  99|0x000000070fc00000, 0x000000070fc00000, 0x000000070fe00000|  0%| F|  |TAMS 0x000000070fc00000, 0x000000070fc00000| Untracked 
| 100|0x000000070fe00000, 0x000000070fe00000, 0x0000000710000000|  0%| F|  |TAMS 0x000000070fe00000, 0x000000070fe00000| Untracked 
| 101|0x0000000710000000, 0x0000000710000000, 0x0000000710200000|  0%| F|  |TAMS 0x0000000710000000, 0x0000000710000000| Untracked 
| 102|0x0000000710200000, 0x0000000710200000, 0x0000000710400000|  0%| F|  |TAMS 0x0000000710200000, 0x0000000710200000| Untracked 
| 103|0x0000000710400000, 0x0000000710400000, 0x0000000710600000|  0%| F|  |TAMS 0x0000000710400000, 0x0000000710400000| Untracked 
| 104|0x0000000710600000, 0x0000000710600000, 0x0000000710800000|  0%| F|  |TAMS 0x0000000710600000, 0x0000000710600000| Untracked 
| 105|0x0000000710800000, 0x0000000710800000, 0x0000000710a00000|  0%| F|  |TAMS 0x0000000710800000, 0x0000000710800000| Untracked 
| 106|0x0000000710a00000, 0x0000000710a00000, 0x0000000710c00000|  0%| F|  |TAMS 0x0000000710a00000, 0x0000000710a00000| Untracked 
| 107|0x0000000710c00000, 0x0000000710c00000, 0x0000000710e00000|  0%| F|  |TAMS 0x0000000710c00000, 0x0000000710c00000| Untracked 
| 108|0x0000000710e00000, 0x0000000710e00000, 0x0000000711000000|  0%| F|  |TAMS 0x0000000710e00000, 0x0000000710e00000| Untracked 
| 109|0x0000000711000000, 0x0000000711000000, 0x0000000711200000|  0%| F|  |TAMS 0x0000000711000000, 0x0000000711000000| Untracked 
| 110|0x0000000711200000, 0x0000000711200000, 0x0000000711400000|  0%| F|  |TAMS 0x0000000711200000, 0x0000000711200000| Untracked 
| 111|0x0000000711400000, 0x0000000711400000, 0x0000000711600000|  0%| F|  |TAMS 0x0000000711400000, 0x0000000711400000| Untracked 
| 112|0x0000000711600000, 0x0000000711600000, 0x0000000711800000|  0%| F|  |TAMS 0x0000000711600000, 0x0000000711600000| Untracked 
| 113|0x0000000711800000, 0x0000000711800000, 0x0000000711a00000|  0%| F|  |TAMS 0x0000000711800000, 0x0000000711800000| Untracked 
| 114|0x0000000711a00000, 0x0000000711a00000, 0x0000000711c00000|  0%| F|  |TAMS 0x0000000711a00000, 0x0000000711a00000| Untracked 
| 115|0x0000000711c00000, 0x0000000711c00000, 0x0000000711e00000|  0%| F|  |TAMS 0x0000000711c00000, 0x0000000711c00000| Untracked 
| 116|0x0000000711e00000, 0x0000000711e00000, 0x0000000712000000|  0%| F|  |TAMS 0x0000000711e00000, 0x0000000711e00000| Untracked 
| 117|0x0000000712000000, 0x0000000712010038, 0x0000000712200000|  3%| E|  |TAMS 0x0000000712000000, 0x0000000712000000| Complete 
| 118|0x0000000712200000, 0x0000000712400000, 0x0000000712400000|100%| E|CS|TAMS 0x0000000712200000, 0x0000000712200000| Complete 
| 126|0x0000000713200000, 0x0000000713400000, 0x0000000713400000|100%| E|CS|TAMS 0x0000000713200000, 0x0000000713200000| Complete 

Card table byte_map: [0x0000018f75600000,0x0000018f75df0000] _byte_map_base: 0x0000018f71de5000

Marking Bits (Prev, Next): (CMBitMap*) 0x0000018f5dbeab50, (CMBitMap*) 0x0000018f5dbeab10
 Prev Bits: [0x0000018f7a510000, 0x0000018f7e438000)
 Next Bits: [0x0000018f765e0000, 0x0000018f7a508000)

Polling page: 0x0000018f5b400000

Metaspace:

Usage:
  Non-class:     89.48 MB used.
      Class:     13.46 MB used.
       Both:    102.94 MB used.

Virtual space:
  Non-class space:       96.00 MB reserved,      89.81 MB ( 94%) committed,  12 nodes.
      Class space:        1.00 GB reserved,      13.75 MB (  1%) committed,  1 nodes.
             Both:        1.09 GB reserved,     103.56 MB (  9%) committed. 

Chunk freelists:
   Non-Class:  2.11 MB
       Class:  2.27 MB
        Both:  4.38 MB

MaxMetaspaceSize: unlimited
CompressedClassSpaceSize: 1.00 GB
Initial GC threshold: 21.00 MB
Current GC threshold: 169.19 MB
CDS: on
MetaspaceReclaimPolicy: balanced
 - commit_granule_bytes: 65536.
 - commit_granule_words: 8192.
 - virtual_space_node_default_size: 1048576.
 - enlarge_chunks_in_place: 1.
 - new_chunks_are_fully_committed: 0.
 - uncommit_free_chunks: 1.
 - use_allocation_guard: 0.
 - handle_deallocations: 1.


Internal statistics:

num_allocs_failed_limit: 9.
num_arena_births: 962.
num_arena_deaths: 16.
num_vsnodes_births: 13.
num_vsnodes_deaths: 0.
num_space_committed: 1657.
num_space_uncommitted: 0.
num_chunks_returned_to_freelist: 33.
num_chunks_taken_from_freelist: 4833.
num_chunk_merges: 14.
num_chunk_splits: 3548.
num_chunks_enlarged: 2834.
num_purges: 4.
num_inconsistent_stats: 0.

CodeHeap 'non-profiled nmethods': size=119168Kb used=10849Kb max_used=10975Kb free=108318Kb
 bounds [0x0000018f6cf20000, 0x0000018f6da00000, 0x0000018f74380000]
CodeHeap 'profiled nmethods': size=119104Kb used=22392Kb max_used=23378Kb free=96711Kb
 bounds [0x0000018f65ad0000, 0x0000018f671b0000, 0x0000018f6cf20000]
CodeHeap 'non-nmethods': size=7488Kb used=1516Kb max_used=3309Kb free=5971Kb
 bounds [0x0000018f65380000, 0x0000018f656d0000, 0x0000018f65ad0000]
 total_blobs=11546 nmethods=10752 adapters=705
 compilation: enabled
              stopped_count=0, restarted_count=0
 full_count=0

Compilation events (20 events):
Event: 227.470 Thread 0x0000018f74e0cbd0 13018       1       com.mongodb.connection.ServerDescription::getMaxWireVersion (5 bytes)
Event: 227.471 Thread 0x0000018f74e0cbd0 nmethod 13018 0x0000018f6cf87090 code [0x0000018f6cf87220, 0x0000018f6cf872f8]
Event: 227.471 Thread 0x0000018f74e0cbd0 13020       3       org.bson.ByteBufNIO::limit (8 bytes)
Event: 227.471 Thread 0x0000018f74e0cbd0 nmethod 13020 0x0000018f65d70890 code [0x0000018f65d70a20, 0x0000018f65d70b58]
Event: 227.471 Thread 0x0000018f74e0cbd0 13019       3       java.net.Socket::getImpl (17 bytes)
Event: 227.471 Thread 0x0000018f74e0cbd0 nmethod 13019 0x0000018f662bf610 code [0x0000018f662bf7c0, 0x0000018f662bf9e8]
Event: 227.471 Thread 0x0000018f74e0cbd0 13021       1       com.mongodb.internal.connection.InternalStreamConnection::getDescription (5 bytes)
Event: 227.471 Thread 0x0000018f74e0cbd0 nmethod 13021 0x0000018f6cf86d10 code [0x0000018f6cf86ea0, 0x0000018f6cf86f78]
Event: 227.471 Thread 0x0000018f74e0cbd0 13022       1       com.mongodb.internal.connection.PowerOfTwoBufferPool$IdleTrackingByteBuffer::getBuffer (5 bytes)
Event: 227.471 Thread 0x0000018f74e0cbd0 nmethod 13022 0x0000018f6cffc510 code [0x0000018f6cffc6a0, 0x0000018f6cffc778]
Event: 227.471 Thread 0x0000018f74e0cbd0 13023       1       com.mongodb.internal.connection.OpCode::getValue (5 bytes)
Event: 227.471 Thread 0x0000018f74e0cbd0 nmethod 13023 0x0000018f6cffc210 code [0x0000018f6cffc3a0, 0x0000018f6cffc478]
Event: 227.472 Thread 0x0000018f74e0cbd0 13024       1       org.bson.ByteBufNIO::asNIO (5 bytes)
Event: 227.472 Thread 0x0000018f74e0cbd0 nmethod 13024 0x0000018f6cffbe90 code [0x0000018f6cffc020, 0x0000018f6cffc0f8]
Event: 227.472 Thread 0x0000018f74e0cbd0 13025       3       com.mongodb.internal.connection.PowerOfTwoBufferPool::roundUpToNextHighestPowerOfTwo (42 bytes)
Event: 227.472 Thread 0x0000018f74e0cbd0 nmethod 13025 0x0000018f65dbcd10 code [0x0000018f65dbcea0, 0x0000018f65dbcfb8]
Event: 227.472 Thread 0x0000018f74e0cbd0 13026       3       com.mongodb.internal.connection.PowerOfTwoBufferPool::log2 (8 bytes)
Event: 227.472 Thread 0x0000018f74e0cbd0 nmethod 13026 0x0000018f65e85590 code [0x0000018f65e85720, 0x0000018f65e85848]
Event: 228.097 Thread 0x0000018f74e08540 13027       4       org.springframework.boot.devtools.filewatch.FileSnapshot::equals (110 bytes)
Event: 228.103 Thread 0x0000018f74e08540 nmethod 13027 0x0000018f6d60d610 code [0x0000018f6d60d7c0, 0x0000018f6d60e298]

GC Heap History (20 events):
Event: 9.732 GC heap before
{Heap before GC invocations=38 (full 0):
 garbage-first heap   total 174080K, used 128053K [0x0000000703600000, 0x0000000800000000)
  region size 2048K, 27 young (55296K), 1 survivors (2048K)
 Metaspace       used 94744K, committed 95360K, reserved 1138688K
  class space    used 12675K, committed 12992K, reserved 1048576K
}
Event: 9.737 GC heap after
{Heap after GC invocations=39 (full 0):
 garbage-first heap   total 174080K, used 76557K [0x0000000703600000, 0x0000000800000000)
  region size 2048K, 2 young (4096K), 2 survivors (4096K)
 Metaspace       used 94744K, committed 95360K, reserved 1138688K
  class space    used 12675K, committed 12992K, reserved 1048576K
}
Event: 42.165 GC heap before
{Heap before GC invocations=39 (full 0):
 garbage-first heap   total 174080K, used 129805K [0x0000000703600000, 0x0000000800000000)
  region size 2048K, 29 young (59392K), 2 survivors (4096K)
 Metaspace       used 98963K, committed 99520K, reserved 1138688K
  class space    used 13105K, committed 13376K, reserved 1048576K
}
Event: 42.169 GC heap after
{Heap after GC invocations=40 (full 0):
 garbage-first heap   total 174080K, used 79345K [0x0000000703600000, 0x0000000800000000)
  region size 2048K, 3 young (6144K), 3 survivors (6144K)
 Metaspace       used 98963K, committed 99520K, reserved 1138688K
  class space    used 13105K, committed 13376K, reserved 1048576K
}
Event: 176.005 GC heap before
{Heap before GC invocations=40 (full 0):
 garbage-first heap   total 174080K, used 132593K [0x0000000703600000, 0x0000000800000000)
  region size 2048K, 30 young (61440K), 3 survivors (6144K)
 Metaspace       used 102760K, committed 103424K, reserved 1138688K
  class space    used 13594K, committed 13888K, reserved 1048576K
}
Event: 176.008 GC heap after
{Heap after GC invocations=41 (full 0):
 garbage-first heap   total 174080K, used 80300K [0x0000000703600000, 0x0000000800000000)
  region size 2048K, 2 young (4096K), 2 survivors (4096K)
 Metaspace       used 102760K, committed 103424K, reserved 1138688K
  class space    used 13594K, committed 13888K, reserved 1048576K
}
Event: 196.256 GC heap before
{Heap before GC invocations=41 (full 0):
 garbage-first heap   total 174080K, used 90540K [0x0000000703600000, 0x0000000800000000)
  region size 2048K, 8 young (16384K), 2 survivors (4096K)
 Metaspace       used 103348K, committed 103936K, reserved 1146880K
  class space    used 13668K, committed 13952K, reserved 1048576K
}
Event: 196.295 GC heap after
{Heap after GC invocations=42 (full 1):
 garbage-first heap   total 174080K, used 43719K [0x0000000703600000, 0x0000000800000000)
  region size 2048K, 0 young (0K), 0 survivors (0K)
 Metaspace       used 103348K, committed 103936K, reserved 1146880K
  class space    used 13668K, committed 13952K, reserved 1048576K
}
Event: 196.975 GC heap before
{Heap before GC invocations=42 (full 1):
 garbage-first heap   total 174080K, used 119495K [0x0000000703600000, 0x0000000800000000)
  region size 2048K, 38 young (77824K), 0 survivors (0K)
 Metaspace       used 103899K, committed 104512K, reserved 1146880K
  class space    used 13708K, committed 14016K, reserved 1048576K
}
Event: 196.977 GC heap after
{Heap after GC invocations=43 (full 1):
 garbage-first heap   total 174080K, used 49322K [0x0000000703600000, 0x0000000800000000)
  region size 2048K, 3 young (6144K), 3 survivors (6144K)
 Metaspace       used 103899K, committed 104512K, reserved 1146880K
  class space    used 13708K, committed 14016K, reserved 1048576K
}
Event: 197.405 GC heap before
{Heap before GC invocations=43 (full 1):
 garbage-first heap   total 174080K, used 123050K [0x0000000703600000, 0x0000000800000000)
  region size 2048K, 39 young (79872K), 3 survivors (6144K)
 Metaspace       used 104827K, committed 105472K, reserved 1146880K
  class space    used 13739K, committed 14080K, reserved 1048576K
}
Event: 197.409 GC heap after
{Heap after GC invocations=44 (full 1):
 garbage-first heap   total 174080K, used 55215K [0x0000000703600000, 0x0000000800000000)
  region size 2048K, 4 young (8192K), 4 survivors (8192K)
 Metaspace       used 104827K, committed 105472K, reserved 1146880K
  class space    used 13739K, committed 14080K, reserved 1048576K
}
Event: 197.662 GC heap before
{Heap before GC invocations=44 (full 1):
 garbage-first heap   total 174080K, used 120751K [0x0000000703600000, 0x0000000800000000)
  region size 2048K, 37 young (75776K), 4 survivors (8192K)
 Metaspace       used 105296K, committed 105984K, reserved 1146880K
  class space    used 13775K, committed 14080K, reserved 1048576K
}
Event: 197.666 GC heap after
{Heap after GC invocations=45 (full 1):
 garbage-first heap   total 174080K, used 60798K [0x0000000703600000, 0x0000000800000000)
  region size 2048K, 3 young (6144K), 3 survivors (6144K)
 Metaspace       used 105296K, committed 105984K, reserved 1146880K
  class space    used 13775K, committed 14080K, reserved 1048576K
}
Event: 197.799 GC heap before
{Heap before GC invocations=45 (full 1):
 garbage-first heap   total 174080K, used 122238K [0x0000000703600000, 0x0000000800000000)
  region size 2048K, 34 young (69632K), 3 survivors (6144K)
 Metaspace       used 105330K, committed 105984K, reserved 1146880K
  class space    used 13779K, committed 14080K, reserved 1048576K
}
Event: 197.802 GC heap after
{Heap after GC invocations=46 (full 1):
 garbage-first heap   total 174080K, used 62375K [0x0000000703600000, 0x0000000800000000)
  region size 2048K, 3 young (6144K), 3 survivors (6144K)
 Metaspace       used 105330K, committed 105984K, reserved 1146880K
  class space    used 13779K, committed 14080K, reserved 1048576K
}
Event: 197.920 GC heap before
{Heap before GC invocations=46 (full 1):
 garbage-first heap   total 174080K, used 121767K [0x0000000703600000, 0x0000000800000000)
  region size 2048K, 33 young (67584K), 3 survivors (6144K)
 Metaspace       used 105334K, committed 105984K, reserved 1146880K
  class space    used 13779K, committed 14080K, reserved 1048576K
}
Event: 197.923 GC heap after
{Heap after GC invocations=47 (full 1):
 garbage-first heap   total 245760K, used 63154K [0x0000000703600000, 0x0000000800000000)
  region size 2048K, 3 young (6144K), 3 survivors (6144K)
 Metaspace       used 105334K, committed 105984K, reserved 1146880K
  class space    used 13779K, committed 14080K, reserved 1048576K
}
Event: 212.217 GC heap before
{Heap before GC invocations=47 (full 1):
 garbage-first heap   total 245760K, used 181938K [0x0000000703600000, 0x0000000800000000)
  region size 2048K, 62 young (126976K), 3 survivors (6144K)
 Metaspace       used 105392K, committed 106048K, reserved 1146880K
  class space    used 13783K, committed 14080K, reserved 1048576K
}
Event: 212.222 GC heap after
{Heap after GC invocations=48 (full 1):
 garbage-first heap   total 245760K, used 59866K [0x0000000703600000, 0x0000000800000000)
  region size 2048K, 2 young (4096K), 2 survivors (4096K)
 Metaspace       used 105392K, committed 106048K, reserved 1146880K
  class space    used 13783K, committed 14080K, reserved 1048576K
}

Deoptimization events (20 events):
Event: 198.228 Thread 0x0000018f0f15d480 DEOPT PACKING pc=0x0000018f6d58c9a4 sp=0x00000070d17fdc30
Event: 198.228 Thread 0x0000018f0f15d480 DEOPT UNPACKING pc=0x0000018f653d5c23 sp=0x00000070d17fdc58 mode 2
Event: 198.228 Thread 0x0000018f0f15d480 DEOPT PACKING pc=0x0000018f6d49a680 sp=0x00000070d17fdd10
Event: 198.228 Thread 0x0000018f0f15d480 DEOPT UNPACKING pc=0x0000018f653d6763 sp=0x00000070d17fd1d0 mode 1
Event: 198.249 Thread 0x0000018f0f15d480 DEOPT PACKING pc=0x0000018f65de6da4 sp=0x00000070d17fdeb0
Event: 198.249 Thread 0x0000018f0f15d480 DEOPT UNPACKING pc=0x0000018f653d6763 sp=0x00000070d17fd418 mode 1
Event: 198.249 Thread 0x0000018f0f15d480 DEOPT PACKING pc=0x0000018f65de6da4 sp=0x00000070d17fde40
Event: 198.249 Thread 0x0000018f0f15d480 DEOPT UNPACKING pc=0x0000018f653d6763 sp=0x00000070d17fd3a8 mode 1
Event: 198.249 Thread 0x0000018f0f15d480 DEOPT PACKING pc=0x0000018f65de6da4 sp=0x00000070d17fddd0
Event: 198.249 Thread 0x0000018f0f15d480 DEOPT UNPACKING pc=0x0000018f653d6763 sp=0x00000070d17fd338 mode 1
Event: 198.427 Thread 0x0000018f053ac140 Uncommon trap: trap_request=0xffffff76 fr.pc=0x0000018f6d4869a4 relative=0x0000000000000884
Event: 198.427 Thread 0x0000018f053ac140 Uncommon trap: reason=predicate action=maybe_recompile pc=0x0000018f6d4869a4 method=java.util.ComparableTimSort.binarySort([Ljava/lang/Object;III)V @ 34 c2
Event: 198.427 Thread 0x0000018f053ac140 DEOPT PACKING pc=0x0000018f6d4869a4 sp=0x00000070d5dfea40
Event: 198.427 Thread 0x0000018f053ac140 DEOPT UNPACKING pc=0x0000018f653d5c23 sp=0x00000070d5dfe9e8 mode 2
Event: 198.429 Thread 0x0000018f053ac140 DEOPT PACKING pc=0x0000018f66190529 sp=0x00000070d5dfc470
Event: 198.429 Thread 0x0000018f053ac140 DEOPT UNPACKING pc=0x0000018f653d6763 sp=0x00000070d5dfb958 mode 1
Event: 198.430 Thread 0x0000018f053ac140 DEOPT PACKING pc=0x0000018f66191c64 sp=0x00000070d5dfc510
Event: 198.430 Thread 0x0000018f053ac140 DEOPT UNPACKING pc=0x0000018f653d6763 sp=0x00000070d5dfbab0 mode 1
Event: 198.430 Thread 0x0000018f053ac140 DEOPT PACKING pc=0x0000018f6619412c sp=0x00000070d5dfc670
Event: 198.430 Thread 0x0000018f053ac140 DEOPT UNPACKING pc=0x0000018f653d6763 sp=0x00000070d5dfbc30 mode 1

Classes unloaded (8 events):
Event: 8.905 Thread 0x0000018f74de57f0 Unloading class 0x00000008017bd400 'jdk/internal/reflect/GeneratedSerializationConstructorAccessor8'
Event: 8.905 Thread 0x0000018f74de57f0 Unloading class 0x00000008017bd000 'jdk/internal/reflect/GeneratedSerializationConstructorAccessor7'
Event: 8.905 Thread 0x0000018f74de57f0 Unloading class 0x00000008017bcc00 'jdk/internal/reflect/GeneratedSerializationConstructorAccessor6'
Event: 8.905 Thread 0x0000018f74de57f0 Unloading class 0x00000008017bc800 'jdk/internal/reflect/GeneratedSerializationConstructorAccessor5'
Event: 8.905 Thread 0x0000018f74de57f0 Unloading class 0x00000008017bc400 'jdk/internal/reflect/GeneratedSerializationConstructorAccessor4'
Event: 8.905 Thread 0x0000018f74de57f0 Unloading class 0x00000008017a0800 'jdk/internal/reflect/GeneratedSerializationConstructorAccessor3'
Event: 8.905 Thread 0x0000018f74de57f0 Unloading class 0x00000008017a0400 'jdk/internal/reflect/GeneratedSerializationConstructorAccessor2'
Event: 8.905 Thread 0x0000018f74de57f0 Unloading class 0x00000008017a0000 'jdk/internal/reflect/GeneratedSerializationConstructorAccessor1'

Classes redefined (3 events):
Event: 194.176 Thread 0x0000018f74de57f0 redefined class name=com.getir.reading.listener.SpringSecurityAuditorAware, count=1
Event: 231.644 Thread 0x0000018f74de57f0 redefined class name=com.getir.reading.listener.SpringSecurityAuditorAware, count=2
Event: 231.644 Thread 0x0000018f74de57f0 redefined class name=com.getir.reading.listener.SpringSecurityAuditorAware, count=1

Internal exceptions (20 events):
Event: 198.009 Thread 0x0000018f053ab2d0 Exception <a 'sun/nio/fs/WindowsException'{0x0000000710990a18}> (0x0000000710990a18) 
thrown [t:\workspace\open\src\hotspot\share\prims\jni.cpp, line 516]
Event: 198.009 Thread 0x0000018f053ab2d0 Exception <a 'sun/nio/fs/WindowsException'{0x0000000710990cd8}> (0x0000000710990cd8) 
thrown [t:\workspace\open\src\hotspot\share\prims\jni.cpp, line 516]
Event: 198.011 Thread 0x0000018f053ab2d0 Exception <a 'sun/nio/fs/WindowsException'{0x00000007109915f0}> (0x00000007109915f0) 
thrown [t:\workspace\open\src\hotspot\share\prims\jni.cpp, line 516]
Event: 198.011 Thread 0x0000018f053ab2d0 Exception <a 'sun/nio/fs/WindowsException'{0x00000007109918c0}> (0x00000007109918c0) 
thrown [t:\workspace\open\src\hotspot\share\prims\jni.cpp, line 516]
Event: 198.012 Thread 0x0000018f053ab2d0 Exception <a 'sun/nio/fs/WindowsException'{0x00000007109921d0}> (0x00000007109921d0) 
thrown [t:\workspace\open\src\hotspot\share\prims\jni.cpp, line 516]
Event: 198.013 Thread 0x0000018f053ab2d0 Exception <a 'sun/nio/fs/WindowsException'{0x0000000710992498}> (0x0000000710992498) 
thrown [t:\workspace\open\src\hotspot\share\prims\jni.cpp, line 516]
Event: 198.014 Thread 0x0000018f053ab2d0 Exception <a 'sun/nio/fs/WindowsException'{0x0000000710992db0}> (0x0000000710992db0) 
thrown [t:\workspace\open\src\hotspot\share\prims\jni.cpp, line 516]
Event: 198.015 Thread 0x0000018f053ab2d0 Exception <a 'sun/nio/fs/WindowsException'{0x0000000710993080}> (0x0000000710993080) 
thrown [t:\workspace\open\src\hotspot\share\prims\jni.cpp, line 516]
Event: 198.016 Thread 0x0000018f053ab2d0 Exception <a 'sun/nio/fs/WindowsException'{0x00000007109939b8}> (0x00000007109939b8) 
thrown [t:\workspace\open\src\hotspot\share\prims\jni.cpp, line 516]
Event: 198.016 Thread 0x0000018f053ab2d0 Exception <a 'sun/nio/fs/WindowsException'{0x0000000710993cb0}> (0x0000000710993cb0) 
thrown [t:\workspace\open\src\hotspot\share\prims\jni.cpp, line 516]
Event: 198.017 Thread 0x0000018f053ab2d0 Exception <a 'sun/nio/fs/WindowsException'{0x00000007109945f8}> (0x00000007109945f8) 
thrown [t:\workspace\open\src\hotspot\share\prims\jni.cpp, line 516]
Event: 198.018 Thread 0x0000018f053ab2d0 Exception <a 'sun/nio/fs/WindowsException'{0x0000000710994908}> (0x0000000710994908) 
thrown [t:\workspace\open\src\hotspot\share\prims\jni.cpp, line 516]
Event: 198.019 Thread 0x0000018f053ab2d0 Exception <a 'sun/nio/fs/WindowsException'{0x0000000710995248}> (0x0000000710995248) 
thrown [t:\workspace\open\src\hotspot\share\prims\jni.cpp, line 516]
Event: 198.020 Thread 0x0000018f053ab2d0 Exception <a 'sun/nio/fs/WindowsException'{0x0000000710995548}> (0x0000000710995548) 
thrown [t:\workspace\open\src\hotspot\share\prims\jni.cpp, line 516]
Event: 198.074 Thread 0x0000018f053ac610 Exception <a 'sun/nio/fs/WindowsException'{0x000000070e44b5d0}> (0x000000070e44b5d0) 
thrown [t:\workspace\open\src\hotspot\share\prims\jni.cpp, line 516]
Event: 198.074 Thread 0x0000018f05b45f20 Exception <a 'sun/nio/fs/WindowsException'{0x000000070dff8268}> (0x000000070dff8268) 
thrown [t:\workspace\open\src\hotspot\share\prims\jni.cpp, line 516]
Event: 198.074 Thread 0x0000018f053ae7c0 Exception <a 'sun/nio/fs/WindowsException'{0x000000070e5a4610}> (0x000000070e5a4610) 
thrown [t:\workspace\open\src\hotspot\share\prims\jni.cpp, line 516]
Event: 198.074 Thread 0x0000018f053ade20 Exception <a 'sun/nio/fs/WindowsException'{0x000000070e250940}> (0x000000070e250940) 
thrown [t:\workspace\open\src\hotspot\share\prims\jni.cpp, line 516]
Event: 198.074 Thread 0x0000018f07724470 Exception <a 'sun/nio/fs/WindowsException'{0x000000070e6a3258}> (0x000000070e6a3258) 
thrown [t:\workspace\open\src\hotspot\share\prims\jni.cpp, line 516]
Event: 198.074 Thread 0x0000018f07720ab0 Exception <a 'sun/nio/fs/WindowsException'{0x000000070eb436d0}> (0x000000070eb436d0) 
thrown [t:\workspace\open\src\hotspot\share\prims\jni.cpp, line 516]

VM Operations (20 events):
Event: 207.543 Executing VM operation: Cleanup
Event: 207.543 Executing VM operation: Cleanup done
Event: 212.217 Executing VM operation: G1CollectForAllocation
Event: 212.222 Executing VM operation: G1CollectForAllocation done
Event: 212.222 Executing VM operation: Cleanup
Event: 212.223 Executing VM operation: Cleanup done
Event: 228.344 Executing VM operation: Cleanup
Event: 228.344 Executing VM operation: Cleanup done
Event: 231.612 Executing VM operation: ChangeSingleStep
Event: 231.612 Executing VM operation: ChangeSingleStep done
Event: 231.612 Executing VM operation: ChangeSingleStep
Event: 231.612 Executing VM operation: ChangeSingleStep done
Event: 231.629 Executing VM operation: RedefineClasses
Event: 231.668 Executing VM operation: RedefineClasses done
Event: 231.671 Executing VM operation: ChangeSingleStep
Event: 231.672 Executing VM operation: ChangeSingleStep done
Event: 231.672 Executing VM operation: get/set locals
Event: 231.672 Executing VM operation: get/set locals done
Event: 231.673 Executing VM operation: ChangeSingleStep
Event: 231.673 Executing VM operation: ChangeSingleStep done

Events (20 events):
Event: 198.231 Thread 0x0000018f053ac140 Thread added: 0x0000018f053ac140
Event: 198.232 Thread 0x0000018f053ac610 Thread added: 0x0000018f053ac610
Event: 198.232 Thread 0x0000018f053acae0 Thread added: 0x0000018f053acae0
Event: 198.232 Thread 0x0000018f053ad480 Thread added: 0x0000018f053ad480
Event: 198.233 Thread 0x0000018f053ade20 Thread added: 0x0000018f053ade20
Event: 198.233 Thread 0x0000018f053ae2f0 Thread added: 0x0000018f053ae2f0
Event: 198.233 Thread 0x0000018f053ae7c0 Thread added: 0x0000018f053ae7c0
Event: 198.233 Thread 0x0000018f053aec90 Thread added: 0x0000018f053aec90
Event: 198.234 Thread 0x0000018f05b45f20 Thread added: 0x0000018f05b45f20
Event: 198.234 Thread 0x0000018f05b47c00 Thread added: 0x0000018f05b47c00
Event: 198.244 Thread 0x0000018f05b468c0 Thread added: 0x0000018f05b468c0
Event: 198.245 Thread 0x0000018f05b48f40 Thread added: 0x0000018f05b48f40
Event: 198.490 Thread 0x0000018f03602c30 Thread exited: 0x0000018f03602c30
Event: 199.259 Thread 0x0000018f08a8f490 Thread exited: 0x0000018f08a8f490
Event: 199.259 Thread 0x0000018f08a8ef80 Thread exited: 0x0000018f08a8ef80
Event: 199.259 Thread 0x0000018f08a93660 Thread exited: 0x0000018f08a93660
Event: 202.143 Thread 0x0000018f0f15cfb0 Thread exited: 0x0000018f0f15cfb0
Event: 212.466 Thread 0x0000018f08a92c40 Thread exited: 0x0000018f08a92c40
Event: 212.466 Thread 0x0000018f08a92220 Thread exited: 0x0000018f08a92220
Event: 212.466 Thread 0x0000018f08a94080 Thread exited: 0x0000018f08a94080


Dynamic libraries:
0x00007ff780820000 - 0x00007ff780830000 	C:\Program Files\Java\jdk-17.0.2\bin\javaw.exe
0x00007ff838a70000 - 0x00007ff838c68000 	C:\Windows\SYSTEM32\ntdll.dll
0x00007ff838190000 - 0x00007ff83824f000 	C:\Windows\System32\KERNEL32.DLL
0x00007ff836660000 - 0x00007ff836932000 	C:\Windows\System32\KERNELBASE.dll
0x00007ff836990000 - 0x00007ff836a90000 	C:\Windows\System32\ucrtbase.dll
0x00007ff82da00000 - 0x00007ff82da18000 	C:\Program Files\Java\jdk-17.0.2\bin\jli.dll
0x00007ff82d9e0000 - 0x00007ff82d9fa000 	C:\Program Files\Java\jdk-17.0.2\bin\VCRUNTIME140.dll
0x00007ff8388a0000 - 0x00007ff83894e000 	C:\Windows\System32\ADVAPI32.dll
0x00007ff8380f0000 - 0x00007ff83818e000 	C:\Windows\System32\msvcrt.dll
0x00007ff8376d0000 - 0x00007ff83776c000 	C:\Windows\System32\sechost.dll
0x00007ff836ac0000 - 0x00007ff836be4000 	C:\Windows\System32\RPCRT4.dll
0x00007ff837340000 - 0x00007ff8374e1000 	C:\Windows\System32\USER32.dll
0x00007ff836a90000 - 0x00007ff836ab2000 	C:\Windows\System32\win32u.dll
0x00007ff837690000 - 0x00007ff8376bb000 	C:\Windows\System32\GDI32.dll
0x00007ff836170000 - 0x00007ff83627f000 	C:\Windows\System32\gdi32full.dll
0x00007ff836280000 - 0x00007ff83631d000 	C:\Windows\System32\msvcp_win.dll
0x00007ff821630000 - 0x00007ff8218ca000 	C:\Windows\WinSxS\amd64_microsoft.windows.common-controls_6595b64144ccf1df_6.0.19041.1110_none_60b5254171f9507e\COMCTL32.dll
0x00007ff82c740000 - 0x00007ff82c74a000 	C:\Windows\SYSTEM32\VERSION.dll
0x00007ff8382c0000 - 0x00007ff8382f0000 	C:\Windows\System32\IMM32.DLL
0x00007ff829ad0000 - 0x00007ff829c3b000 	C:\Windows\system32\tmumh\20019\AddOn\8.55.0.1129\TmUmEvt64.dll
0x00007ff838250000 - 0x00007ff838258000 	C:\Windows\System32\PSAPI.DLL
0x0000000052d50000 - 0x0000000052ec3000 	C:\Windows\system32\tmumh\20019\TmMon\2.9.0.1048\tmmon64.dll
0x00007ff82f670000 - 0x00007ff82f67c000 	C:\Program Files\Java\jdk-17.0.2\bin\vcruntime140_1.dll
0x00007fffec430000 - 0x00007fffec4bd000 	C:\Program Files\Java\jdk-17.0.2\bin\msvcp140.dll
0x00007fffc5a40000 - 0x00007fffc6601000 	C:\Program Files\Java\jdk-17.0.2\bin\server\jvm.dll
0x00007ff820ca0000 - 0x00007ff820ca9000 	C:\Windows\SYSTEM32\WSOCK32.dll
0x00007ff837ef0000 - 0x00007ff837f5b000 	C:\Windows\System32\WS2_32.dll
0x00007ff81e1c0000 - 0x00007ff81e1e7000 	C:\Windows\SYSTEM32\WINMM.dll
0x00007ff833ff0000 - 0x00007ff834002000 	C:\Windows\SYSTEM32\kernel.appcore.dll
0x00007ff82d9d0000 - 0x00007ff82d9da000 	C:\Program Files\Java\jdk-17.0.2\bin\jimage.dll
0x00007ff82ac20000 - 0x00007ff82ae04000 	C:\Windows\SYSTEM32\DBGHELP.DLL
0x00007ff82ab10000 - 0x00007ff82ab45000 	C:\Windows\SYSTEM32\dbgcore.DLL
0x00007ff836320000 - 0x00007ff8363a2000 	C:\Windows\System32\bcryptPrimitives.dll
0x00007ffffef00000 - 0x00007ffffef3b000 	C:\Program Files\Java\jdk-17.0.2\bin\jdwp.dll
0x00007ff82d840000 - 0x00007ff82d84e000 	C:\Program Files\Java\jdk-17.0.2\bin\instrument.dll
0x00007ffffeed0000 - 0x00007ffffeef5000 	C:\Program Files\Java\jdk-17.0.2\bin\java.dll
0x00007fffd3a70000 - 0x00007fffd3b46000 	C:\Program Files\Java\jdk-17.0.2\bin\jsvml.dll
0x00007ff836bf0000 - 0x00007ff837335000 	C:\Windows\System32\SHELL32.dll
0x00007ff8341f0000 - 0x00007ff834982000 	C:\Windows\SYSTEM32\windows.storage.dll
0x00007ff838410000 - 0x00007ff838765000 	C:\Windows\System32\combase.dll
0x00007ff835af0000 - 0x00007ff835b20000 	C:\Windows\SYSTEM32\Wldp.dll
0x00007ff8375e0000 - 0x00007ff83768d000 	C:\Windows\System32\SHCORE.dll
0x00007ff838260000 - 0x00007ff8382b5000 	C:\Windows\System32\shlwapi.dll
0x00007ff8360b0000 - 0x00007ff8360cf000 	C:\Windows\SYSTEM32\profapi.dll
0x00007ff81e0d0000 - 0x00007ff81e0dc000 	C:\Program Files\Java\jdk-17.0.2\bin\dt_socket.dll
0x00007ff835590000 - 0x00007ff8355cb000 	C:\Windows\SYSTEM32\IPHLPAPI.DLL
0x00007ff8358d0000 - 0x00007ff83593a000 	C:\Windows\system32\mswsock.dll
0x00007ff8355d0000 - 0x00007ff83569b000 	C:\Windows\SYSTEM32\DNSAPI.dll
0x00007ff837ee0000 - 0x00007ff837ee8000 	C:\Windows\System32\NSI.dll
0x00007ff82ef90000 - 0x00007ff82ef9a000 	C:\Windows\System32\rasadhlp.dll
0x00007ff8311b0000 - 0x00007ff831230000 	C:\Windows\System32\fwpuclnt.dll
0x00007ff8363b0000 - 0x00007ff8363d7000 	C:\Windows\System32\bcrypt.dll
0x00007ff816910000 - 0x00007ff816928000 	C:\Program Files\Java\jdk-17.0.2\bin\zip.dll
0x00007ff808420000 - 0x00007ff808439000 	C:\Program Files\Java\jdk-17.0.2\bin\net.dll
0x00007ff82f350000 - 0x00007ff82f45a000 	C:\Windows\SYSTEM32\WINHTTP.dll
0x00007ffffff60000 - 0x00007ffffff76000 	C:\Program Files\Java\jdk-17.0.2\bin\nio.dll
0x00007ff81d630000 - 0x00007ff81d640000 	C:\Program Files\Java\jdk-17.0.2\bin\verify.dll
0x00007ff82d8b0000 - 0x00007ff82d8b9000 	C:\Program Files\Java\jdk-17.0.2\bin\management.dll
0x00007ff82d8a0000 - 0x00007ff82d8ab000 	C:\Program Files\Java\jdk-17.0.2\bin\management_ext.dll
0x00007ff835b30000 - 0x00007ff835b48000 	C:\Windows\SYSTEM32\CRYPTSP.dll
0x00007ff8351a0000 - 0x00007ff8351d4000 	C:\Windows\system32\rsaenh.dll
0x00007ff836030000 - 0x00007ff83605e000 	C:\Windows\SYSTEM32\USERENV.dll
0x00007ff835a60000 - 0x00007ff835a6c000 	C:\Windows\SYSTEM32\CRYPTBASE.dll
0x00007ff830c90000 - 0x00007ff830ca7000 	C:\Windows\SYSTEM32\dhcpcsvc6.DLL
0x00007ff830b80000 - 0x00007ff830b9d000 	C:\Windows\SYSTEM32\dhcpcsvc.DLL
0x00007ff82d890000 - 0x00007ff82d89e000 	C:\Program Files\Java\jdk-17.0.2\bin\sunmscapi.dll
0x00007ff836500000 - 0x00007ff836656000 	C:\Windows\System32\CRYPT32.dll
0x00007ff835c40000 - 0x00007ff835c67000 	C:\Windows\SYSTEM32\ncrypt.dll
0x00007ff835c00000 - 0x00007ff835c3b000 	C:\Windows\SYSTEM32\NTASN1.dll
0x00007ff830920000 - 0x00007ff830927000 	C:\Windows\system32\wshunix.dll
0x00007ff820c50000 - 0x00007ff820c67000 	C:\Windows\system32\napinsp.dll
0x00007ff820c80000 - 0x00007ff820c9b000 	C:\Windows\system32\pnrpnsp.dll
0x00007ff830ba0000 - 0x00007ff830bb5000 	C:\Windows\system32\wshbth.dll
0x00007ff82f530000 - 0x00007ff82f54d000 	C:\Windows\system32\NLAapi.dll
0x00007ff820ae0000 - 0x00007ff820af2000 	C:\Windows\System32\winrnr.dll

dbghelp: loaded successfully - version: 4.0.5 - missing functions: none
symbol engine: initialized successfully - sym options: 0x614 - pdb path: .;C:\Program Files\Java\jdk-17.0.2\bin;C:\Windows\SYSTEM32;C:\Windows\WinSxS\amd64_microsoft.windows.common-controls_6595b64144ccf1df_6.0.19041.1110_none_60b5254171f9507e;C:\Windows\system32\tmumh\20019\AddOn\8.55.0.1129;C:\Windows\system32\tmumh\20019\TmMon\2.9.0.1048;C:\Program Files\Java\jdk-17.0.2\bin\server

VM Arguments:
jvm_args: -XX:+ShowCodeDetailsInExceptionMessages -agentlib:jdwp=transport=dt_socket,suspend=y,address=localhost:53364 -javaagent:C:\Users\burak.yilmaz\eclipse\java-2021-06\eclipse\configuration\org.eclipse.osgi\590\0\.cp\lib\javaagent-shaded.jar -Dfile.encoding=UTF-8 
java_command: com.getir.reading.ReadingApplication
java_class_path (initial): C:\Users\burak.yilmaz\Downloads\reading\reading\target\classes;C:\Users\burak.yilmaz\.p2\pool\plugins\org.junit.jupiter.api_5.8.1.v20211018-1956.jar;C:\Users\burak.yilmaz\.p2\pool\plugins\org.junit.jupiter.engine_5.8.1.v20211018-1956.jar;C:\Users\burak.yilmaz\.p2\pool\plugins\org.junit.jupiter.migrationsupport_5.8.1.v20211018-1956.jar;C:\Users\burak.yilmaz\.p2\pool\plugins\org.junit.jupiter.params_5.8.1.v20211018-1956.jar;C:\Users\burak.yilmaz\.p2\pool\plugins\org.junit.platform.commons_1.8.1.v20211018-1956.jar;C:\Users\burak.yilmaz\.p2\pool\plugins\org.junit.platform.engine_1.8.1.v20211018-1956.jar;C:\Users\burak.yilmaz\.p2\pool\plugins\org.junit.platform.launcher_1.8.1.v20211018-1956.jar;C:\Users\burak.yilmaz\.p2\pool\plugins\org.junit.platform.runner_1.8.1.v20211018-1956.jar;C:\Users\burak.yilmaz\.p2\pool\plugins\org.junit.platform.suite.api_1.8.1.v20211018-1956.jar;C:\Users\burak.yilmaz\.p2\pool\plugins\org.junit.platform.suite.engine_1.8.1.v20211028-1957.jar;C:\Users\burak.yilmaz\.p2\pool\plugins\org.junit.platform.suite.commons_1.8.1.v20211018-1956.jar;C:\Users\burak.yilmaz\.p2\pool\plugins\org.junit.vintage.engine_5.8.1.v20211018-1956.jar;C:\Users\burak.yilmaz\.p2\pool\plugins\org.opentest4j_1.2.0.v20211018-1956.jar;C:\Users\burak.yilmaz\.p2\pool\plugins\org.apiguardian_1.1.2.v20211018-1956.jar;C:\Users\burak.yilmaz\.p2\pool\plugins\org.junit_4.13.2.v20211018-1956.jar;C:\Users\burak.yilmaz\.p2\pool\plugins\org.hamcrest.core_1.3.0.v20180420-1519.jar;C:\Users\burak.yilmaz\.m2\repository\org\springframework\boot\spring-boot-starter-security\3.0.1\spring-boot-starter-security-3.0.1.jar;C:\Users\burak.yilmaz\.m2\repository\org\springframework\boot\spring-boot-starter\3.0.1\spring-boot-starter-3.0.1.jar;C:\Users\burak.yilmaz\.m2\repository\org\springframework\boot\spring-boot-starter-logging\3.0.1\spring-boot-starter-logging-3.0.1.jar;C:\Users\burak.yilmaz\.m2\repository\ch\qos\logback\logback-classic\1.4.5\logback-classic-1.4.5.jar;C:\
Launcher Type: SUN_STANDARD

[Global flags]
     intx CICompilerCount                          = 12                                        {product} {ergonomic}
     uint ConcGCThreads                            = 3                                         {product} {ergonomic}
     uint G1ConcRefinementThreads                  = 13                                        {product} {ergonomic}
   size_t G1HeapRegionSize                         = 2097152                                   {product} {ergonomic}
    uintx GCDrainStackTargetSize                   = 64                                        {product} {ergonomic}
   size_t InitialHeapSize                          = 266338304                                 {product} {ergonomic}
   size_t MarkStackSize                            = 4194304                                   {product} {ergonomic}
   size_t MaxHeapSize                              = 4238344192                                {product} {ergonomic}
   size_t MaxNewSize                               = 2541748224                                {product} {ergonomic}
   size_t MinHeapDeltaBytes                        = 2097152                                   {product} {ergonomic}
   size_t MinHeapSize                              = 8388608                                   {product} {ergonomic}
    uintx NonNMethodCodeHeapSize                   = 7602480                                {pd product} {ergonomic}
    uintx NonProfiledCodeHeapSize                  = 122027880                              {pd product} {ergonomic}
    uintx ProfiledCodeHeapSize                     = 122027880                              {pd product} {ergonomic}
    uintx ReservedCodeCacheSize                    = 251658240                              {pd product} {ergonomic}
     bool SegmentedCodeCache                       = true                                      {product} {ergonomic}
     bool ShowCodeDetailsInExceptionMessages       = true                                   {manageable} {command line}
   size_t SoftMaxHeapSize                          = 4238344192                             {manageable} {ergonomic}
     bool UseCompressedClassPointers               = true                           {product lp64_product} {ergonomic}
     bool UseCompressedOops                        = true                           {product lp64_product} {ergonomic}
     bool UseG1GC                                  = true                                      {product} {ergonomic}
     bool UseLargePagesIndividualAllocation        = false                                  {pd product} {ergonomic}

Logging:
Log output configuration:
 #0: stdout all=warning uptime,level,tags
 #1: stderr all=off uptime,level,tags

Environment Variables:
PATH=C:/Users/burak.yilmaz/.p2/pool/plugins/org.eclipse.justj.openjdk.hotspot.jre.full.win32.x86_64_16.0.2.v20210721-1149/jre/bin/server;C:/Users/burak.yilmaz/.p2/pool/plugins/org.eclipse.justj.openjdk.hotspot.jre.full.win32.x86_64_16.0.2.v20210721-1149/jre/bin;C:\Program Files\Java\jdk-17.0.2\bin;C:\Program Files\Java\jdk-16.0.2\bin;C:\Program Files\Common Files\Oracle\Java\javapath;C:\Program Files (x86)\Common Files\Oracle\Java\javapath;C:\Windows\system32;C:\Windows;C:\Windows\System32\Wbem;C:\Windows\System32\WindowsPowerShell\v1.0\;C:\Windows\System32\OpenSSH\;C:\Windows\CCM;C:\Program Files\Git\cmd;C:\Program Files\Docker\Docker\resources\bin;C:\ProgramData\DockerDesktop\version-bin;C:\Program Files\nodejs\;C:\Program Files\Go\bin;C:\Program Files\Amazon\AWSCLIV2\;C:\Program Files (x86)\NVIDIA Corporation\PhysX\Common;C:\Program Files\PuTTY\;C:\Users\burak.yilmaz\AppData\Local\Microsoft\WindowsApps;C:\Users\burak.yilmaz\AppData\Local\Programs\Microsoft VS Code\bin;C:\Users\burak.yilmaz\AppData\Roaming\npm;C:\Users\burak.yilmaz\go\bin;C:\Program Files\liquibase;C:\Users\burak.yilmaz\AppData\Local\GitHubDesktop\bin;C:\Users\burak.yilmaz\AppData\Local\Programs\Fiddler;C:\Windows\system32;
USERNAME=burak.yilmaz
OS=Windows_NT
PROCESSOR_IDENTIFIER=Intel64 Family 6 Model 141 Stepping 1, GenuineIntel



---------------  S Y S T E M  ---------------

OS:
 Windows 10 , 64 bit Build 19041 (10.0.19041.2546)
OS uptime: 1 days 6:00 hours
Hyper-V role detected

CPU: total 16 (initial active 16) (8 cores per cpu, 2 threads per core) family 6 model 141 stepping 1 microcode 0x2c, cx8, cmov, fxsr, ht, mmx, 3dnowpref, sse, sse2, sse3, ssse3, sse4.1, sse4.2, popcnt, lzcnt, tsc, tscinvbit, avx, avx2, aes, erms, clmul, bmi1, bmi2, adx, avx512f, avx512dq, avx512cd, avx512bw, avx512vl, sha, fma, vzeroupper, avx512_vpopcntdq, avx512_vpclmulqdq, avx512_vaes, avx512_vnni, clflush, clflushopt, clwb, avx512_vbmi2, avx512_vbmi, hv

Memory: 4k page, system-wide physical 16163M (1069M free)
TotalPageFile size 62321M (AvailPageFile size 36639M)
current process WorkingSet (physical memory assigned to process): 606M, peak: 766M
current process commit charge ("private bytes"): 672M, peak: 825M

vm_info: Java HotSpot(TM) 64-Bit Server VM (17.0.2+8-LTS-86) for windows-amd64 JRE (17.0.2+8-LTS-86), built on Dec  7 2021 21:51:03 by "mach5one" with MS VC++ 16.8 / 16.9 (VS2019)

END.
